<?xml version="1.0" encoding="UTF-8"?>
<testng-results skipped="0" failed="0" ignored="0" total="1" passed="1">
  <reporter-output>
  </reporter-output>
  <suite name="jsr381.tck.TestRunner" duration-ms="264" started-at="2018-08-27T19:37:09Z" finished-at="2018-08-27T19:37:10Z">
    <groups>
    </groups>
    <test name="Command line test" duration-ms="264" started-at="2018-08-27T19:37:09Z" finished-at="2018-08-27T19:37:10Z">
      <class name="jsr381.tck.TestRunner">
        <test-method status="PASS" signature="run()[pri:0, instance:jsr381.tck.TestRunner@1d251891]" name="run" duration-ms="229" started-at="2018-08-27T19:37:09Z" finished-at="2018-08-27T19:37:10Z">
          <reporter-output>
          </reporter-output>
        </test-method> <!-- run -->
      </class> <!-- jsr381.tck.TestRunner -->
    </test> <!-- Command line test -->
  </suite> <!-- jsr381.tck.TestRunner -->
</testng-results>
