<?xml version="1.0" encoding="UTF-8"?>
<testng-results skipped="0" failed="0" ignored="0" total="0" passed="0">
  <reporter-output>
  </reporter-output>
  <suite name="JSR381-TCK, version 1.0" duration-ms="0" started-at="2018-08-27T19:37:09Z" finished-at="2018-08-27T19:37:09Z">
    <groups>
    </groups>
    <test name="TCK/Test Setup" duration-ms="0" started-at="2018-08-27T19:37:09Z" finished-at="2018-08-27T19:37:09Z">
    </test> <!-- TCK/Test Setup -->
  </suite> <!-- JSR381-TCK, version 1.0 -->
</testng-results>
